<?xml version="1.0" encoding="UTF-8"?>
<testsuite xmlns:xsi="http://www.w3.org/2001/XMLSchema-instance" xsi:noNamespaceSchemaLocation="https://maven.apache.org/surefire/maven-surefire-plugin/xsd/surefire-test-report-3.0.xsd" version="3.0" name="TestSuite" time="660.934" tests="15" errors="0" skipped="0" failures="0">
  <properties>
[...]
</properties>
  <testcase name="checkCurrencyConversion" classname="com.transferwise.qa.testcases.CurrencyConversionTest" time="23.247"/>
  <testcase name="checkCurrencyConversion" classname="com.transferwise.qa.testcases.CurrencyConversionTest" time="21.948"/>
  <testcase name="checkCurrencyConversion" classname="com.transferwise.qa.testcases.CurrencyConversionTest" time="23.696"/>
  <testcase name="checkCurrencyConversion" classname="com.transferwise.qa.testcases.CurrencyConversionTest" time="21.684"/>
  <testcase name="checkCurrencyConversion" classname="com.transferwise.qa.testcases.CurrencyConversionTest" time="21.649"/>
  <testcase name="checkCurrencyConversion" classname="com.transferwise.qa.testcases.CurrencyConversionTest" time="17.59"/>
  <testcase name="checkCurrencyConversion" classname="com.transferwise.qa.testcases.CurrencyConversionTest" time="17.668"/>
  <testcase name="checkCurrencyConversion" classname="com.transferwise.qa.testcases.CurrencyConversionTest" time="14.446"/>
  <testcase name="checkCurrencyConversion" classname="com.transferwise.qa.testcases.CurrencyConversionTest" time="14.811"/>
  <testcase name="checkCurrencyConversion" classname="com.transferwise.qa.testcases.CurrencyConversionTest" time="15.871"/>
  <testcase name="checkCurrencyConversion" classname="com.transferwise.qa.testcases.CurrencyConversionTest" time="31.945"/>
  <testcase name="checkCurrencyConversion" classname="com.transferwise.qa.testcases.CurrencyConversionTest" time="31.615"/>
  <testcase name="checkCurrencyConversion" classname="com.transferwise.qa.testcases.CurrencyConversionTest" time="30.031"/>
  <testcase name="checkCurrencyConversion" classname="com.transferwise.qa.testcases.CurrencyConversionTest" time="30.192"/>
  <testcase name="checkCurrencyConversion" classname="com.transferwise.qa.testcases.CurrencyConversionTest" time="30.03"/>
</testsuite>