<?xml version="1.0" encoding="UTF-8"?>
<!-- Generated by org.testng.reporters.JUnitXMLReporter -->
<testsuite hostname="Dell" ignored="0" name="Transferwise Testcases on IE broswer" tests="5" failures="0" timestamp="30 Sep 2019 23:53:51 GMT" time="212.915" errors="0">
  <testcase name="checkCurrencyConversion" time="31.945" classname="com.transferwise.qa.testcases.CurrencyConversionTest"/>
  <testcase name="checkCurrencyConversion" time="31.615" classname="com.transferwise.qa.testcases.CurrencyConversionTest"/>
  <testcase name="checkCurrencyConversion" time="30.046" classname="com.transferwise.qa.testcases.CurrencyConversionTest"/>
  <testcase name="checkCurrencyConversion" time="30.192" classname="com.transferwise.qa.testcases.CurrencyConversionTest"/>
  <testcase name="checkCurrencyConversion" time="30.03" classname="com.transferwise.qa.testcases.CurrencyConversionTest"/>
</testsuite> <!-- Transferwise Testcases on IE broswer -->
