<?xml version="1.0" encoding="UTF-8"?>
<!-- Generated by org.testng.reporters.JUnitXMLReporter -->
<testsuite hostname="Dell" ignored="0" name="Transferwise Testcases on Chrome browser" tests="5" failures="0" timestamp="30 Sep 2019 23:50:17 GMT" time="154.444" errors="0">
  <testcase name="checkCurrencyConversion" time="17.59" classname="com.transferwise.qa.testcases.CurrencyConversionTest"/>
  <testcase name="checkCurrencyConversion" time="17.671" classname="com.transferwise.qa.testcases.CurrencyConversionTest"/>
  <testcase name="checkCurrencyConversion" time="14.448" classname="com.transferwise.qa.testcases.CurrencyConversionTest"/>
  <testcase name="checkCurrencyConversion" time="14.819" classname="com.transferwise.qa.testcases.CurrencyConversionTest"/>
  <testcase name="checkCurrencyConversion" time="15.87" classname="com.transferwise.qa.testcases.CurrencyConversionTest"/>
</testsuite> <!-- Transferwise Testcases on Chrome browser -->
