<?xml version="1.0" encoding="UTF-8"?>
<!-- Generated by org.testng.reporters.JUnitXMLReporter -->
<testsuite hostname="Dell" ignored="0" name="Transferwise Testcases on Firefox browser" tests="5" failures="0" timestamp="30 Sep 2019 23:47:40 GMT" time="285.562" errors="0">
  <testcase name="checkCurrencyConversion" time="23.221" classname="com.transferwise.qa.testcases.CurrencyConversionTest"/>
  <testcase name="checkCurrencyConversion" time="21.943" classname="com.transferwise.qa.testcases.CurrencyConversionTest"/>
  <testcase name="checkCurrencyConversion" time="23.683" classname="com.transferwise.qa.testcases.CurrencyConversionTest"/>
  <testcase name="checkCurrencyConversion" time="21.67" classname="com.transferwise.qa.testcases.CurrencyConversionTest"/>
  <testcase name="checkCurrencyConversion" time="21.637" classname="com.transferwise.qa.testcases.CurrencyConversionTest"/>
</testsuite> <!-- Transferwise Testcases on Firefox browser -->
